<?xml version="1.0" encoding="UTF-8"?>
<!-- Generated by org.testng.reporters.JUnitXMLReporter -->
<testsuite hostname="Gabriel-Holmes-MacBook-Pro.local" name="MWB" tests="1" failures="1" timestamp="31 Oct 2013 18:33:30 GMT" time="71.508" errors="0">
  <testcase name="mwbsanitytest" time="47.952" classname="testautomationsg.MWB">
    <failure type="java.lang.AssertionError" message="Expected &amp;quot;Your social support result is moderate. Your assessment answers show that you feel you are able to rely on others&amp;apos; support to some degree but this level is not optimal. While it is important to develop a level of self-reliance, social support is one of the strongest tools you can use to manage your stress.&amp;quot; but saw &amp;quot; Your social support result is moderate. &amp;quot; instead">
      <![CDATA[java.lang.AssertionError: Expected "Your social support result is moderate. Your assessment answers show that you feel you are able to rely on others' support to some degree but this level is not optimal. While it is important to develop a level of self-reliance, social support is one of the strongest tools you can use to manage your stress." but saw " Your social support result is moderate. " instead
	at com.thoughtworks.selenium.SeleneseTestBase.fail(SeleneseTestBase.java:391)
	at com.thoughtworks.selenium.SeleneseTestBase.assertTrue(SeleneseTestBase.java:395)
	at com.thoughtworks.selenium.SeleneseTestBase.assertEquals(SeleneseTestBase.java:200)
	at testautomationsg.MWB.mwbsanitytest(MWB.java:148)
... Removed 24 stack frames]]>
    </failure>
  </testcase> <!-- mwbsanitytest -->
</testsuite> <!-- MWB -->
