<?xml version="1.0" encoding="UTF-8"?>
<testng-results skipped="0" failed="0" total="1" passed="1">
  <reporter-output>
  </reporter-output>
  <suite name="Default suite" duration-ms="22464" started-at="2014-12-11T18:57:31Z" finished-at="2014-12-11T18:57:54Z">
    <groups>
    </groups>
    <test name="Default test" duration-ms="22464" started-at="2014-12-11T18:57:31Z" finished-at="2014-12-11T18:57:54Z">
      <class name="testingautomation.NonCurrencySymbol">
        <test-method status="PASS" signature="beforeClass()[pri:0, instance:testingautomation.NonCurrencySymbol@254e8cee]" name="beforeClass" is-config="true" duration-ms="5716" started-at="2014-12-11T12:57:31Z" finished-at="2014-12-11T12:57:37Z">
          <reporter-output>
          </reporter-output>
        </test-method> <!-- beforeClass -->
        <test-method status="PASS" signature="addCost()[pri:0, instance:testingautomation.NonCurrencySymbol@254e8cee]" name="addCost" duration-ms="15955" started-at="2014-12-11T12:57:37Z" finished-at="2014-12-11T12:57:53Z">
          <reporter-output>
          </reporter-output>
        </test-method> <!-- addCost -->
        <test-method status="PASS" signature="afterClass()[pri:0, instance:testingautomation.NonCurrencySymbol@254e8cee]" name="afterClass" is-config="true" duration-ms="780" started-at="2014-12-11T12:57:53Z" finished-at="2014-12-11T12:57:54Z">
          <reporter-output>
          </reporter-output>
        </test-method> <!-- afterClass -->
      </class> <!-- testingautomation.NonCurrencySymbol -->
    </test> <!-- Default test -->
  </suite> <!-- Default suite -->
</testng-results>
